<?xml version="1.0" encoding="UTF-8"?>
<testng-results ignored="0" total="2" passed="2" failed="0" skipped="0">
  <reporter-output>
  </reporter-output>
  <suite started-at="2021-02-12T09:59:25 IST" name="Suite" finished-at="2021-02-12T10:00:48 IST" duration-ms="82114">
    <groups>
    </groups>
    <test started-at="2021-02-12T09:59:25 IST" name="ChromeTest" finished-at="2021-02-12T09:59:59 IST" duration-ms="33950">
      <class name="com.sauceddemo.TestClasses.CrossAndParallel">
        <test-method is-config="true" signature="setup(java.lang.String)[pri:0, instance:com.sauceddemo.TestClasses.CrossAndParallel@647fd8ce]" started-at="2021-02-12T09:59:25 IST" name="setup" finished-at="2021-02-12T09:59:47 IST" duration-ms="21089" status="PASS">
          <params>
            <param index="0">
              <value>
                <![CDATA[Chrome]]>
              </value>
            </param>
          </params>
          <reporter-output>
          </reporter-output>
        </test-method> <!-- setup -->
        <test-method signature="testCheck()[pri:0, instance:com.sauceddemo.TestClasses.CrossAndParallel@647fd8ce]" started-at="2021-02-12T09:59:48 IST" name="testCheck" finished-at="2021-02-12T09:59:58 IST" duration-ms="9999" status="PASS">
          <reporter-output>
          </reporter-output>
        </test-method> <!-- testCheck -->
        <test-method is-config="true" signature="tearDown()[pri:0, instance:com.sauceddemo.TestClasses.CrossAndParallel@647fd8ce]" started-at="2021-02-12T09:59:58 IST" name="tearDown" finished-at="2021-02-12T09:59:59 IST" duration-ms="908" status="PASS">
          <reporter-output>
          </reporter-output>
        </test-method> <!-- tearDown -->
      </class> <!-- com.sauceddemo.TestClasses.CrossAndParallel -->
    </test> <!-- ChromeTest -->
    <test started-at="2021-02-12T09:59:25 IST" name="FirefoxTest" finished-at="2021-02-12T10:00:48 IST" duration-ms="82114">
      <class name="com.sauceddemo.TestClasses.CrossAndParallel">
        <test-method is-config="true" signature="setup(java.lang.String)[pri:0, instance:com.sauceddemo.TestClasses.CrossAndParallel@363ee3a2]" started-at="2021-02-12T09:59:26 IST" name="setup" finished-at="2021-02-12T10:00:39 IST" duration-ms="73051" status="PASS">
          <params>
            <param index="0">
              <value>
                <![CDATA[firefox]]>
              </value>
            </param>
          </params>
          <reporter-output>
          </reporter-output>
        </test-method> <!-- setup -->
        <test-method signature="testCheck()[pri:0, instance:com.sauceddemo.TestClasses.CrossAndParallel@363ee3a2]" started-at="2021-02-12T10:00:39 IST" name="testCheck" finished-at="2021-02-12T10:00:42 IST" duration-ms="3767" status="PASS">
          <reporter-output>
          </reporter-output>
        </test-method> <!-- testCheck -->
        <test-method is-config="true" signature="tearDown()[pri:0, instance:com.sauceddemo.TestClasses.CrossAndParallel@363ee3a2]" started-at="2021-02-12T10:00:42 IST" name="tearDown" finished-at="2021-02-12T10:00:48 IST" duration-ms="5201" status="PASS">
          <reporter-output>
          </reporter-output>
        </test-method> <!-- tearDown -->
      </class> <!-- com.sauceddemo.TestClasses.CrossAndParallel -->
    </test> <!-- FirefoxTest -->
  </suite> <!-- Suite -->
</testng-results>
